<?xml version="1.0" encoding="UTF-8"?>
<testsuite xmlns:xsi="http://www.w3.org/2001/XMLSchema-instance" xsi:noNamespaceSchemaLocation="https://maven.apache.org/surefire/maven-surefire-plugin/xsd/surefire-test-report-3.0.xsd" version="3.0" name="praktikum.api.UserTests" time="3.056" tests="3" errors="0" skipped="0" failures="0">
  <properties>
[...]
</properties>
  <testcase name="createUniqueUser" classname="praktikum.api.UserTests" time="0.8"/>
  <testcase name="createExistingUser" classname="praktikum.api.UserTests" time="1.637"/>
  <testcase name="createUserWithoutEmail" classname="praktikum.api.UserTests" time="0.614"/>
</testsuite>